<?xml version="1.0" encoding="UTF-8"?>
<testsuites name="Mocha Tests" time="10.667" tests="1" failures="1">
  <testsuite name="Root Suite" timestamp="2026-07-21T20:03:11" tests="1" file="cypress\e2e\test1.cy.js" time="10.665" failures="1">
    <testcase name="&quot;before each&quot; hook: Open test application for &quot;Timeouts&quot;" time="6.078" classname="&quot;before each&quot; hook: Open test application for &quot;Timeouts&quot;">
      <failure message="Timed out retrying after 4000ms: Expected to find content: &apos;Forms&apos; but never did.

Because this error occurred during a `before each` hook we are skipping all of the remaining tests." type="AssertionError"><![CDATA[AssertionError: Timed out retrying after 4000ms: Expected to find content: 'Forms' but never did.

Because this error occurred during a `before each` hook we are skipping all of the remaining tests.
    at Context.eval (webpack://udemy-cypress/./cypress/e2e/test1.cy.js:53:7)]]></failure>
    </testcase>
  </testsuite>
</testsuites>