<?xml version="1.0" encoding="UTF-8"?>
<testsuites name="Mocha Tests" time="9.846" tests="1" failures="1">
  <testsuite name="Root Suite" timestamp="2026-07-21T20:03:24" tests="1" file="cypress\e2e\ui-components.cy.js" time="9.842" failures="1">
    <testcase name="iFrames" time="5.216" classname="iFrames">
      <failure message="Timed out retrying after 4000ms: Expected to find content: &apos;Modal &amp; Overlays&apos; but never did." type="AssertionError"><![CDATA[AssertionError: Timed out retrying after 4000ms: Expected to find content: 'Modal & Overlays' but never did.
    at Context.eval (webpack://udemy-cypress/./cypress/e2e/ui-components.cy.js:338:7)]]></failure>
    </testcase>
  </testsuite>
</testsuites>